arm-none-eabi-gcc -c -mcpu=cortex-m3 -mthumb   -DUSE_HAL_DRIVER -DSTM32F103xE -ICore/Inc -IDrivers/STM32F1xx_HAL_Driver/Inc/Legacy -IDrivers/STM32F1xx_HAL_Driver/Inc -IDrivers/CMSIS/Device/ST/STM32F1xx/Include -IDrivers/CMSIS/Include -Og -Wall -fdata-sections -ffunction-sections -g -gdwarf-2 -MMD -MP -MF"build/main.d" -Wa,-a,-ad,-alms=build/main.lst Core/Src/main.c -o build/main.o
arm-none-eabi-gcc -c -mcpu=cortex-m3 -mthumb   -DUSE_HAL_DRIVER -DSTM32F103xE -ICore/Inc -IDrivers/STM32F1xx_HAL_Driver/Inc/Legacy -IDrivers/STM32F1xx_HAL_Driver/Inc -IDrivers/CMSIS/Device/ST/STM32F1xx/Include -IDrivers/CMSIS/Include -Og -Wall -fdata-sections -ffunction-sections -g -gdwarf-2 -MMD -MP -MF"build/stm32f1xx_it.d" -Wa,-a,-ad,-alms=build/stm32f1xx_it.lst Core/Src/stm32f1xx_it.c -o build/stm32f1xx_it.o
arm-none-eabi-gcc -c -mcpu=cortex-m3 -mthumb   -DUSE_HAL_DRIVER -DSTM32F103xE -ICore/Inc -IDrivers/STM32F1xx_HAL_Driver/Inc/Legacy -IDrivers/STM32F1xx_HAL_Driver/Inc -IDrivers/CMSIS/Device/ST/STM32F1xx/Include -IDrivers/CMSIS/Include -Og -Wall -fdata-sections -ffunction-sections -g -gdwarf-2 -MMD -MP -MF"build/stm32f1xx_hal_msp.d" -Wa,-a,-ad,-alms=build/stm32f1xx_hal_msp.lst Core/Src/stm32f1xx_hal_msp.c -o build/stm32f1xx_hal_msp.o
arm-none-eabi-gcc -c -mcpu=cortex-m3 -mthumb   -DUSE_HAL_DRIVER -DSTM32F103xE -ICore/Inc -IDrivers/STM32F1xx_HAL_Driver/Inc/Legacy -IDrivers/STM32F1xx_HAL_Driver/Inc -IDrivers/CMSIS/Device/ST/STM32F1xx/Include -IDrivers/CMSIS/Include -Og -Wall -fdata-sections -ffunction-sections -g -gdwarf-2 -MMD -MP -MF"build/dwt_timer.d" -Wa,-a,-ad,-alms=build/dwt_timer.lst Core/Src/dwt_timer.c -o build/dwt_timer.o
arm-none-eabi-gcc -c -mcpu=cortex-m3 -mthumb   -DUSE_HAL_DRIVER -DSTM32F103xE -ICore/Inc -IDrivers/STM32F1xx_HAL_Driver/Inc/Legacy -IDrivers/STM32F1xx_HAL_Driver/Inc -IDrivers/CMSIS/Device/ST/STM32F1xx/Include -IDrivers/CMSIS/Include -Og -Wall -fdata-sections -ffunction-sections -g -gdwarf-2 -MMD -MP -MF"build/stm32f1xx_hal_gpio_ex.d" -Wa,-a,-ad,-alms=build/stm32f1xx_hal_gpio_ex.lst Drivers/STM32F1xx_HAL_Driver/Src/stm32f1xx_hal_gpio_ex.c -o build/stm32f1xx_hal_gpio_ex.o
arm-none-eabi-gcc -c -mcpu=cortex-m3 -mthumb   -DUSE_HAL_DRIVER -DSTM32F103xE -ICore/Inc -IDrivers/STM32F1xx_HAL_Driver/Inc/Legacy -IDrivers/STM32F1xx_HAL_Driver/Inc -IDrivers/CMSIS/Device/ST/STM32F1xx/Include -IDrivers/CMSIS/Include -Og -Wall -fdata-sections -ffunction-sections -g -gdwarf-2 -MMD -MP -MF"build/stm32f1xx_hal.d" -Wa,-a,-ad,-alms=build/stm32f1xx_hal.lst Drivers/STM32F1xx_HAL_Driver/Src/stm32f1xx_hal.c -o build/stm32f1xx_hal.o
arm-none-eabi-gcc -c -mcpu=cortex-m3 -mthumb   -DUSE_HAL_DRIVER -DSTM32F103xE -ICore/Inc -IDrivers/STM32F1xx_HAL_Driver/Inc/Legacy -IDrivers/STM32F1xx_HAL_Driver/Inc -IDrivers/CMSIS/Device/ST/STM32F1xx/Include -IDrivers/CMSIS/Include -Og -Wall -fdata-sections -ffunction-sections -g -gdwarf-2 -MMD -MP -MF"build/stm32f1xx_hal_rcc.d" -Wa,-a,-ad,-alms=build/stm32f1xx_hal_rcc.lst Drivers/STM32F1xx_HAL_Driver/Src/stm32f1xx_hal_rcc.c -o build/stm32f1xx_hal_rcc.o
arm-none-eabi-gcc -c -mcpu=cortex-m3 -mthumb   -DUSE_HAL_DRIVER -DSTM32F103xE -ICore/Inc -IDrivers/STM32F1xx_HAL_Driver/Inc/Legacy -IDrivers/STM32F1xx_HAL_Driver/Inc -IDrivers/CMSIS/Device/ST/STM32F1xx/Include -IDrivers/CMSIS/Include -Og -Wall -fdata-sections -ffunction-sections -g -gdwarf-2 -MMD -MP -MF"build/stm32f1xx_hal_rcc_ex.d" -Wa,-a,-ad,-alms=build/stm32f1xx_hal_rcc_ex.lst Drivers/STM32F1xx_HAL_Driver/Src/stm32f1xx_hal_rcc_ex.c -o build/stm32f1xx_hal_rcc_ex.o
Core/Src/main.c: In function 'main':
Core/Src/main.c:106:14: warning: unused variable 'elapsed_10ns' [-Wunused-variable]
  106 |     uint32_t elapsed_10ns = dwt_get_elapsed(timer, 10);
      |              ^~~~~~~~~~~~
arm-none-eabi-gcc -c -mcpu=cortex-m3 -mthumb   -DUSE_HAL_DRIVER -DSTM32F103xE -ICore/Inc -IDrivers/STM32F1xx_HAL_Driver/Inc/Legacy -IDrivers/STM32F1xx_HAL_Driver/Inc -IDrivers/CMSIS/Device/ST/STM32F1xx/Include -IDrivers/CMSIS/Include -Og -Wall -fdata-sections -ffunction-sections -g -gdwarf-2 -MMD -MP -MF"build/stm32f1xx_hal_gpio.d" -Wa,-a,-ad,-alms=build/stm32f1xx_hal_gpio.lst Drivers/STM32F1xx_HAL_Driver/Src/stm32f1xx_hal_gpio.c -o build/stm32f1xx_hal_gpio.o
arm-none-eabi-gcc -c -mcpu=cortex-m3 -mthumb   -DUSE_HAL_DRIVER -DSTM32F103xE -ICore/Inc -IDrivers/STM32F1xx_HAL_Driver/Inc/Legacy -IDrivers/STM32F1xx_HAL_Driver/Inc -IDrivers/CMSIS/Device/ST/STM32F1xx/Include -IDrivers/CMSIS/Include -Og -Wall -fdata-sections -ffunction-sections -g -gdwarf-2 -MMD -MP -MF"build/stm32f1xx_hal_dma.d" -Wa,-a,-ad,-alms=build/stm32f1xx_hal_dma.lst Drivers/STM32F1xx_HAL_Driver/Src/stm32f1xx_hal_dma.c -o build/stm32f1xx_hal_dma.o
arm-none-eabi-gcc -c -mcpu=cortex-m3 -mthumb   -DUSE_HAL_DRIVER -DSTM32F103xE -ICore/Inc -IDrivers/STM32F1xx_HAL_Driver/Inc/Legacy -IDrivers/STM32F1xx_HAL_Driver/Inc -IDrivers/CMSIS/Device/ST/STM32F1xx/Include -IDrivers/CMSIS/Include -Og -Wall -fdata-sections -ffunction-sections -g -gdwarf-2 -MMD -MP -MF"build/stm32f1xx_hal_cortex.d" -Wa,-a,-ad,-alms=build/stm32f1xx_hal_cortex.lst Drivers/STM32F1xx_HAL_Driver/Src/stm32f1xx_hal_cortex.c -o build/stm32f1xx_hal_cortex.o
arm-none-eabi-gcc -c -mcpu=cortex-m3 -mthumb   -DUSE_HAL_DRIVER -DSTM32F103xE -ICore/Inc -IDrivers/STM32F1xx_HAL_Driver/Inc/Legacy -IDrivers/STM32F1xx_HAL_Driver/Inc -IDrivers/CMSIS/Device/ST/STM32F1xx/Include -IDrivers/CMSIS/Include -Og -Wall -fdata-sections -ffunction-sections -g -gdwarf-2 -MMD -MP -MF"build/stm32f1xx_hal_pwr.d" -Wa,-a,-ad,-alms=build/stm32f1xx_hal_pwr.lst Drivers/STM32F1xx_HAL_Driver/Src/stm32f1xx_hal_pwr.c -o build/stm32f1xx_hal_pwr.o
arm-none-eabi-gcc -c -mcpu=cortex-m3 -mthumb   -DUSE_HAL_DRIVER -DSTM32F103xE -ICore/Inc -IDrivers/STM32F1xx_HAL_Driver/Inc/Legacy -IDrivers/STM32F1xx_HAL_Driver/Inc -IDrivers/CMSIS/Device/ST/STM32F1xx/Include -IDrivers/CMSIS/Include -Og -Wall -fdata-sections -ffunction-sections -g -gdwarf-2 -MMD -MP -MF"build/stm32f1xx_hal_flash.d" -Wa,-a,-ad,-alms=build/stm32f1xx_hal_flash.lst Drivers/STM32F1xx_HAL_Driver/Src/stm32f1xx_hal_flash.c -o build/stm32f1xx_hal_flash.o
arm-none-eabi-gcc -c -mcpu=cortex-m3 -mthumb   -DUSE_HAL_DRIVER -DSTM32F103xE -ICore/Inc -IDrivers/STM32F1xx_HAL_Driver/Inc/Legacy -IDrivers/STM32F1xx_HAL_Driver/Inc -IDrivers/CMSIS/Device/ST/STM32F1xx/Include -IDrivers/CMSIS/Include -Og -Wall -fdata-sections -ffunction-sections -g -gdwarf-2 -MMD -MP -MF"build/stm32f1xx_hal_flash_ex.d" -Wa,-a,-ad,-alms=build/stm32f1xx_hal_flash_ex.lst Drivers/STM32F1xx_HAL_Driver/Src/stm32f1xx_hal_flash_ex.c -o build/stm32f1xx_hal_flash_ex.o
arm-none-eabi-gcc -c -mcpu=cortex-m3 -mthumb   -DUSE_HAL_DRIVER -DSTM32F103xE -ICore/Inc -IDrivers/STM32F1xx_HAL_Driver/Inc/Legacy -IDrivers/STM32F1xx_HAL_Driver/Inc -IDrivers/CMSIS/Device/ST/STM32F1xx/Include -IDrivers/CMSIS/Include -Og -Wall -fdata-sections -ffunction-sections -g -gdwarf-2 -MMD -MP -MF"build/stm32f1xx_hal_exti.d" -Wa,-a,-ad,-alms=build/stm32f1xx_hal_exti.lst Drivers/STM32F1xx_HAL_Driver/Src/stm32f1xx_hal_exti.c -o build/stm32f1xx_hal_exti.o
arm-none-eabi-gcc -c -mcpu=cortex-m3 -mthumb   -DUSE_HAL_DRIVER -DSTM32F103xE -ICore/Inc -IDrivers/STM32F1xx_HAL_Driver/Inc/Legacy -IDrivers/STM32F1xx_HAL_Driver/Inc -IDrivers/CMSIS/Device/ST/STM32F1xx/Include -IDrivers/CMSIS/Include -Og -Wall -fdata-sections -ffunction-sections -g -gdwarf-2 -MMD -MP -MF"build/system_stm32f1xx.d" -Wa,-a,-ad,-alms=build/system_stm32f1xx.lst Core/Src/system_stm32f1xx.c -o build/system_stm32f1xx.o
arm-none-eabi-gcc -c -mcpu=cortex-m3 -mthumb   -DUSE_HAL_DRIVER -DSTM32F103xE -ICore/Inc -IDrivers/STM32F1xx_HAL_Driver/Inc/Legacy -IDrivers/STM32F1xx_HAL_Driver/Inc -IDrivers/CMSIS/Device/ST/STM32F1xx/Include -IDrivers/CMSIS/Include -Og -Wall -fdata-sections -ffunction-sections -g -gdwarf-2 -MMD -MP -MF"build/sysmem.d" -Wa,-a,-ad,-alms=build/sysmem.lst Core/Src/sysmem.c -o build/sysmem.o
arm-none-eabi-gcc -c -mcpu=cortex-m3 -mthumb   -DUSE_HAL_DRIVER -DSTM32F103xE -ICore/Inc -IDrivers/STM32F1xx_HAL_Driver/Inc/Legacy -IDrivers/STM32F1xx_HAL_Driver/Inc -IDrivers/CMSIS/Device/ST/STM32F1xx/Include -IDrivers/CMSIS/Include -Og -Wall -fdata-sections -ffunction-sections -g -gdwarf-2 -MMD -MP -MF"build/syscalls.d" -Wa,-a,-ad,-alms=build/syscalls.lst Core/Src/syscalls.c -o build/syscalls.o
arm-none-eabi-gcc -x assembler-with-cpp -c -mcpu=cortex-m3 -mthumb   -DUSE_HAL_DRIVER -DSTM32F103xE -ICore/Inc -IDrivers/STM32F1xx_HAL_Driver/Inc/Legacy -IDrivers/STM32F1xx_HAL_Driver/Inc -IDrivers/CMSIS/Device/ST/STM32F1xx/Include -IDrivers/CMSIS/Include -Og -Wall -fdata-sections -ffunction-sections -g -gdwarf-2 -MMD -MP -MF"build/startup_stm32f103xe.d" startup_stm32f103xe.s -o build/startup_stm32f103xe.o
arm-none-eabi-gcc build/main.o build/stm32f1xx_it.o build/stm32f1xx_hal_msp.o build/dwt_timer.o build/stm32f1xx_hal_gpio_ex.o build/stm32f1xx_hal.o build/stm32f1xx_hal_rcc.o build/stm32f1xx_hal_rcc_ex.o build/stm32f1xx_hal_gpio.o build/stm32f1xx_hal_dma.o build/stm32f1xx_hal_cortex.o build/stm32f1xx_hal_pwr.o build/stm32f1xx_hal_flash.o build/stm32f1xx_hal_flash_ex.o build/stm32f1xx_hal_exti.o build/system_stm32f1xx.o build/sysmem.o build/syscalls.o build/startup_stm32f103xe.o   -mcpu=cortex-m3 -mthumb   -specs=nano.specs -TSTM32F103XX_FLASH.ld  -lc -lm -lnosys  -Wl,-Map=build/heatshrinkTest.map,--cref -Wl,--gc-sections -o build/heatshrinkTest.elf
arm-none-eabi-size build/heatshrinkTest.elf
   text	   data	    bss	    dec	    hex	filename
   4204	     12	   1620	   5836	   16cc	build/heatshrinkTest.elf
arm-none-eabi-objcopy -O ihex build/heatshrinkTest.elf build/heatshrinkTest.hex
arm-none-eabi-objcopy -O binary -S build/heatshrinkTest.elf build/heatshrinkTest.bin	
mkdir -p DAPTool
cp build/heatshrinkTest.elf DAPTool/App.elf
cp build/heatshrinkTest.map DAPTool/App.map
cp build/heatshrinkTest.hex DAPTool/App.hex
cp build/heatshrinkTest.bin DAPTool/App.bin
